Arguments: 
  /home/funkmachine3k/.nvm/versions/node/v8.5.0/bin/node /usr/share/yarn/bin/yarn.js add express

PATH: 
  /home/funkmachine3k/.nvm/versions/node/v8.5.0/bin:/home/funkmachine3k/.rbenv/shims:/home/funkmachine3k/.rbenv/plugins/ruby-build/bin:/home/funkmachine3k/.rbenv/shims:/home/funkmachine3k/.rbenv/bin:/usr/local/sbin:/usr/local/bin:/usr/sbin:/usr/bin:/sbin:/bin:/usr/games:/usr/local/games

Yarn version: 
  1.3.2

Node version: 
  8.5.0

Platform: 
  linux x64

npm manifest: 
  {
    "name": "studentEvaluationAPI",
    "version": "1.0.0",
    "description": "RESTFul API to manage Student Evaluations",
    "main": "index.js",
    "author": "Caspar Boetes",
    "license": "MIT"
  }

yarn manifest: 
  No manifest

Lockfile: 
  No lockfile

Trace: 
  Error: https://registry.yarnpkg.com/content-type: ETIMEDOUT
      at Timeout._onTimeout (/usr/share/yarn/lib/cli.js:123749:19)
      at ontimeout (timers.js:469:11)
      at tryOnTimeout (timers.js:304:5)
      at Timer.listOnTimeout (timers.js:264:5)
